{"/Users/dulminimunasinghe/Documents/Projects/TA-Appointment-System/server/src/config/index.js": {"path":"/Users/dulminimunasinghe/Documents/Projects/TA-Appointment-System/server/src/config/index.js","statementMap":{"0":{"start":{"line":1,"column":0},"end":{"line":1,"column":27}},"1":{"start":{"line":3,"column":0},"end":{"line":22,"column":2}}},"fnMap":{},"branchMap":{},"s":{"0":1,"1":1},"f":{},"b":{},"_coverageSchema":"1a1c01bbd47fc00a2c39e90264f33305004495a9","hash":"a609ae176f99f8a192aa8a38865de0eedc4c8a95"}
,"/Users/dulminimunasinghe/Documents/Projects/TA-Appointment-System/server/src/models/User.js": {"path":"/Users/dulminimunasinghe/Documents/Projects/TA-Appointment-System/server/src/models/User.js","statementMap":{"0":{"start":{"line":1,"column":17},"end":{"line":1,"column":36}},"1":{"start":{"line":3,"column":19},"end":{"line":64,"column":2}},"2":{"start":{"line":7,"column":6},"end":{"line":7,"column":61}},"3":{"start":{"line":47,"column":6},"end":{"line":47,"column":75}},"4":{"start":{"line":66,"column":0},"end":{"line":66,"column":52}}},"fnMap":{"0":{"name":"(anonymous_0)","decl":{"start":{"line":6,"column":14},"end":{"line":6,"column":15}},"loc":{"start":{"line":6,"column":26},"end":{"line":8,"column":5}},"line":6},"1":{"name":"(anonymous_1)","decl":{"start":{"line":46,"column":14},"end":{"line":46,"column":15}},"loc":{"start":{"line":46,"column":26},"end":{"line":48,"column":5}},"line":46}},"branchMap":{"0":{"loc":{"start":{"line":7,"column":13},"end":{"line":7,"column":60}},"type":"binary-expr","locations":[{"start":{"line":7,"column":13},"end":{"line":7,"column":37}},{"start":{"line":7,"column":41},"end":{"line":7,"column":60}}],"line":7},"1":{"loc":{"start":{"line":47,"column":13},"end":{"line":47,"column":74}},"type":"binary-expr","locations":[{"start":{"line":47,"column":13},"end":{"line":47,"column":42}},{"start":{"line":47,"column":46},"end":{"line":47,"column":74}}],"line":47}},"s":{"0":1,"1":1,"2":0,"3":0,"4":1},"f":{"0":0,"1":0},"b":{"0":[0,0],"1":[0,0]},"_coverageSchema":"1a1c01bbd47fc00a2c39e90264f33305004495a9","hash":"68b0e70f4e74b876e28db27e5f22376bef3bfae7"}
,"/Users/dulminimunasinghe/Documents/Projects/TA-Appointment-System/server/src/services/authService.js": {"path":"/Users/dulminimunasinghe/Documents/Projects/TA-Appointment-System/server/src/services/authService.js","statementMap":{"0":{"start":{"line":1,"column":13},"end":{"line":1,"column":38}},"1":{"start":{"line":2,"column":15},"end":{"line":2,"column":35}},"2":{"start":{"line":4,"column":25},"end":{"line":33,"column":1}},"3":{"start":{"line":5,"column":2},"end":{"line":32,"column":3}},"4":{"start":{"line":7,"column":4},"end":{"line":19,"column":6}},"5":{"start":{"line":22,"column":4},"end":{"line":22,"column":29}},"6":{"start":{"line":23,"column":4},"end":{"line":23,"column":28}},"7":{"start":{"line":24,"column":4},"end":{"line":24,"column":32}},"8":{"start":{"line":25,"column":4},"end":{"line":25,"column":42}},"9":{"start":{"line":26,"column":4},"end":{"line":26,"column":34}},"10":{"start":{"line":28,"column":4},"end":{"line":28,"column":65}},"11":{"start":{"line":30,"column":4},"end":{"line":30,"column":56}},"12":{"start":{"line":31,"column":4},"end":{"line":31,"column":16}},"13":{"start":{"line":35,"column":21},"end":{"line":46,"column":1}},"14":{"start":{"line":36,"column":2},"end":{"line":45,"column":3}},"15":{"start":{"line":37,"column":17},"end":{"line":37,"column":47}},"16":{"start":{"line":38,"column":4},"end":{"line":40,"column":5}},"17":{"start":{"line":39,"column":6},"end":{"line":39,"column":40}},"18":{"start":{"line":41,"column":4},"end":{"line":41,"column":16}},"19":{"start":{"line":43,"column":4},"end":{"line":43,"column":54}},"20":{"start":{"line":44,"column":4},"end":{"line":44,"column":16}},"21":{"start":{"line":49,"column":30},"end":{"line":69,"column":1}},"22":{"start":{"line":50,"column":2},"end":{"line":68,"column":3}},"23":{"start":{"line":51,"column":16},"end":{"line":51,"column":33}},"24":{"start":{"line":54,"column":4},"end":{"line":58,"column":5}},"25":{"start":{"line":55,"column":6},"end":{"line":55,"column":35}},"26":{"start":{"line":57,"column":6},"end":{"line":57,"column":87}},"27":{"start":{"line":60,"column":17},"end":{"line":60,"column":35}},"28":{"start":{"line":61,"column":4},"end":{"line":63,"column":5}},"29":{"start":{"line":62,"column":6},"end":{"line":62,"column":40}},"30":{"start":{"line":64,"column":4},"end":{"line":64,"column":16}},"31":{"start":{"line":66,"column":4},"end":{"line":66,"column":54}},"32":{"start":{"line":67,"column":4},"end":{"line":67,"column":16}},"33":{"start":{"line":71,"column":24},"end":{"line":83,"column":1}},"34":{"start":{"line":72,"column":2},"end":{"line":82,"column":3}},"35":{"start":{"line":74,"column":17},"end":{"line":74,"column":53}},"36":{"start":{"line":75,"column":4},"end":{"line":77,"column":5}},"37":{"start":{"line":76,"column":6},"end":{"line":76,"column":40}},"38":{"start":{"line":78,"column":4},"end":{"line":78,"column":16}},"39":{"start":{"line":80,"column":4},"end":{"line":80,"column":57}},"40":{"start":{"line":81,"column":4},"end":{"line":81,"column":16}},"41":{"start":{"line":86,"column":23},"end":{"line":99,"column":1}},"42":{"start":{"line":87,"column":2},"end":{"line":98,"column":3}},"43":{"start":{"line":88,"column":18},"end":{"line":92,"column":11}},"44":{"start":{"line":94,"column":4},"end":{"line":94,"column":17}},"45":{"start":{"line":96,"column":4},"end":{"line":96,"column":56}},"46":{"start":{"line":97,"column":4},"end":{"line":97,"column":16}},"47":{"start":{"line":102,"column":27},"end":{"line":116,"column":1}},"48":{"start":{"line":103,"column":2},"end":{"line":115,"column":3}},"49":{"start":{"line":104,"column":4},"end":{"line":111,"column":6}},"50":{"start":{"line":113,"column":4},"end":{"line":113,"column":58}},"51":{"start":{"line":119,"column":27},"end":{"line":143,"column":1}},"52":{"start":{"line":120,"column":2},"end":{"line":142,"column":3}},"53":{"start":{"line":121,"column":17},"end":{"line":123,"column":13}},"54":{"start":{"line":125,"column":4},"end":{"line":127,"column":5}},"55":{"start":{"line":126,"column":6},"end":{"line":126,"column":40}},"56":{"start":{"line":129,"column":4},"end":{"line":138,"column":6}},"57":{"start":{"line":140,"column":4},"end":{"line":140,"column":61}},"58":{"start":{"line":141,"column":4},"end":{"line":141,"column":16}},"59":{"start":{"line":145,"column":0},"end":{"line":153,"column":2}}},"fnMap":{"0":{"name":"(anonymous_0)","decl":{"start":{"line":4,"column":25},"end":{"line":4,"column":26}},"loc":{"start":{"line":4,"column":50},"end":{"line":33,"column":1}},"line":4},"1":{"name":"(anonymous_1)","decl":{"start":{"line":35,"column":21},"end":{"line":35,"column":22}},"loc":{"start":{"line":35,"column":35},"end":{"line":46,"column":1}},"line":35},"2":{"name":"(anonymous_2)","decl":{"start":{"line":49,"column":30},"end":{"line":49,"column":31}},"loc":{"start":{"line":49,"column":59},"end":{"line":69,"column":1}},"line":49},"3":{"name":"(anonymous_3)","decl":{"start":{"line":71,"column":24},"end":{"line":71,"column":25}},"loc":{"start":{"line":71,"column":41},"end":{"line":83,"column":1}},"line":71},"4":{"name":"(anonymous_4)","decl":{"start":{"line":86,"column":23},"end":{"line":86,"column":24}},"loc":{"start":{"line":86,"column":42},"end":{"line":99,"column":1}},"line":86},"5":{"name":"(anonymous_5)","decl":{"start":{"line":102,"column":27},"end":{"line":102,"column":28}},"loc":{"start":{"line":102,"column":45},"end":{"line":116,"column":1}},"line":102},"6":{"name":"(anonymous_6)","decl":{"start":{"line":119,"column":27},"end":{"line":119,"column":28}},"loc":{"start":{"line":119,"column":45},"end":{"line":143,"column":1}},"line":119}},"branchMap":{"0":{"loc":{"start":{"line":38,"column":4},"end":{"line":40,"column":5}},"type":"if","locations":[{"start":{"line":38,"column":4},"end":{"line":40,"column":5}},{"start":{},"end":{}}],"line":38},"1":{"loc":{"start":{"line":49,"column":41},"end":{"line":49,"column":54}},"type":"default-arg","locations":[{"start":{"line":49,"column":50},"end":{"line":49,"column":54}}],"line":49},"2":{"loc":{"start":{"line":54,"column":4},"end":{"line":58,"column":5}},"type":"if","locations":[{"start":{"line":54,"column":4},"end":{"line":58,"column":5}},{"start":{"line":56,"column":11},"end":{"line":58,"column":5}}],"line":54},"3":{"loc":{"start":{"line":61,"column":4},"end":{"line":63,"column":5}},"type":"if","locations":[{"start":{"line":61,"column":4},"end":{"line":63,"column":5}},{"start":{},"end":{}}],"line":61},"4":{"loc":{"start":{"line":75,"column":4},"end":{"line":77,"column":5}},"type":"if","locations":[{"start":{"line":75,"column":4},"end":{"line":77,"column":5}},{"start":{},"end":{}}],"line":75},"5":{"loc":{"start":{"line":125,"column":4},"end":{"line":127,"column":5}},"type":"if","locations":[{"start":{"line":125,"column":4},"end":{"line":127,"column":5}},{"start":{},"end":{}}],"line":125}},"s":{"0":1,"1":1,"2":1,"3":3,"4":3,"5":2,"6":2,"7":2,"8":2,"9":2,"10":2,"11":1,"12":1,"13":1,"14":4,"15":4,"16":2,"17":1,"18":1,"19":3,"20":3,"21":1,"22":0,"23":0,"24":0,"25":0,"26":0,"27":0,"28":0,"29":0,"30":0,"31":0,"32":0,"33":1,"34":4,"35":4,"36":2,"37":1,"38":1,"39":3,"40":3,"41":1,"42":0,"43":0,"44":0,"45":0,"46":0,"47":1,"48":0,"49":0,"50":0,"51":1,"52":0,"53":0,"54":0,"55":0,"56":0,"57":0,"58":0,"59":1},"f":{"0":3,"1":4,"2":0,"3":4,"4":0,"5":0,"6":0},"b":{"0":[1,1],"1":[0],"2":[0,0],"3":[0,0],"4":[1,1],"5":[0,0]},"_coverageSchema":"1a1c01bbd47fc00a2c39e90264f33305004495a9","hash":"f8909213a6e9540893e8f217e8800dcfa8062937"}
,"/Users/dulminimunasinghe/Documents/Projects/TA-Appointment-System/server/src/services/emailService.js": {"path":"/Users/dulminimunasinghe/Documents/Projects/TA-Appointment-System/server/src/services/emailService.js","statementMap":{"0":{"start":{"line":1,"column":19},"end":{"line":1,"column":40}},"1":{"start":{"line":2,"column":15},"end":{"line":2,"column":35}},"2":{"start":{"line":9,"column":20},"end":{"line":19,"column":2}},"3":{"start":{"line":28,"column":24},"end":{"line":45,"column":1}},"4":{"start":{"line":29,"column":4},"end":{"line":44,"column":5}},"5":{"start":{"line":30,"column":28},"end":{"line":35,"column":9}},"6":{"start":{"line":37,"column":23},"end":{"line":37,"column":62}},"7":{"start":{"line":38,"column":8},"end":{"line":38,"column":66}},"8":{"start":{"line":39,"column":8},"end":{"line":39,"column":20}},"9":{"start":{"line":42,"column":8},"end":{"line":42,"column":73}},"10":{"start":{"line":43,"column":8},"end":{"line":43,"column":21}},"11":{"start":{"line":53,"column":27},"end":{"line":141,"column":1}},"12":{"start":{"line":58,"column":8},"end":{"line":58,"column":15}},"13":{"start":{"line":60,"column":20},"end":{"line":66,"column":5}},"14":{"start":{"line":68,"column":4},"end":{"line":68,"column":101}},"15":{"start":{"line":70,"column":4},"end":{"line":140,"column":5}},"16":{"start":{"line":72,"column":8},"end":{"line":125,"column":9}},"17":{"start":{"line":72,"column":21},"end":{"line":72,"column":22}},"18":{"start":{"line":73,"column":26},"end":{"line":73,"column":56}},"19":{"start":{"line":74,"column":32},"end":{"line":74,"column":61}},"20":{"start":{"line":75,"column":32},"end":{"line":75,"column":68}},"21":{"start":{"line":77,"column":12},"end":{"line":77,"column":102}},"22":{"start":{"line":80,"column":12},"end":{"line":114,"column":13}},"23":{"start":{"line":81,"column":16},"end":{"line":113,"column":17}},"24":{"start":{"line":82,"column":36},"end":{"line":82,"column":94}},"25":{"start":{"line":84,"column":20},"end":{"line":98,"column":21}},"26":{"start":{"line":85,"column":24},"end":{"line":85,"column":45}},"27":{"start":{"line":86,"column":24},"end":{"line":90,"column":27}},"28":{"start":{"line":92,"column":24},"end":{"line":92,"column":41}},"29":{"start":{"line":93,"column":24},"end":{"line":97,"column":27}},"30":{"start":{"line":101,"column":20},"end":{"line":103,"column":21}},"31":{"start":{"line":102,"column":24},"end":{"line":102,"column":86}},"32":{"start":{"line":102,"column":53},"end":{"line":102,"column":84}},"33":{"start":{"line":106,"column":20},"end":{"line":106,"column":37}},"34":{"start":{"line":107,"column":20},"end":{"line":111,"column":23}},"35":{"start":{"line":112,"column":20},"end":{"line":112,"column":90}},"36":{"start":{"line":117,"column":29},"end":{"line":117,"column":81}},"37":{"start":{"line":118,"column":12},"end":{"line":118,"column":108}},"38":{"start":{"line":121,"column":12},"end":{"line":124,"column":13}},"39":{"start":{"line":122,"column":16},"end":{"line":122,"column":66}},"40":{"start":{"line":123,"column":16},"end":{"line":123,"column":78}},"41":{"start":{"line":123,"column":45},"end":{"line":123,"column":76}},"42":{"start":{"line":127,"column":8},"end":{"line":127,"column":37}},"43":{"start":{"line":128,"column":8},"end":{"line":128,"column":63}},"44":{"start":{"line":130,"column":8},"end":{"line":130,"column":117}},"45":{"start":{"line":131,"column":8},"end":{"line":131,"column":78}},"46":{"start":{"line":133,"column":8},"end":{"line":133,"column":23}},"47":{"start":{"line":136,"column":8},"end":{"line":136,"column":37}},"48":{"start":{"line":137,"column":8},"end":{"line":137,"column":38}},"49":{"start":{"line":138,"column":8},"end":{"line":138,"column":67}},"50":{"start":{"line":139,"column":8},"end":{"line":139,"column":23}},"51":{"start":{"line":151,"column":18},"end":{"line":187,"column":1}},"52":{"start":{"line":152,"column":4},"end":{"line":186,"column":5}},"53":{"start":{"line":154,"column":8},"end":{"line":164,"column":9}},"54":{"start":{"line":155,"column":12},"end":{"line":155,"column":69}},"55":{"start":{"line":156,"column":28},"end":{"line":156,"column":76}},"56":{"start":{"line":158,"column":12},"end":{"line":163,"column":14}},"57":{"start":{"line":167,"column":8},"end":{"line":175,"column":9}},"58":{"start":{"line":168,"column":12},"end":{"line":168,"column":85}},"59":{"start":{"line":169,"column":28},"end":{"line":169,"column":73}},"60":{"start":{"line":171,"column":12},"end":{"line":174,"column":14}},"61":{"start":{"line":177,"column":8},"end":{"line":177,"column":79}},"62":{"start":{"line":180,"column":8},"end":{"line":180,"column":64}},"63":{"start":{"line":181,"column":8},"end":{"line":185,"column":10}},"64":{"start":{"line":194,"column":31},"end":{"line":205,"column":1}},"65":{"start":{"line":195,"column":4},"end":{"line":195,"column":67}},"66":{"start":{"line":198,"column":20},"end":{"line":202,"column":5}},"67":{"start":{"line":204,"column":4},"end":{"line":204,"column":53}},"68":{"start":{"line":212,"column":32},"end":{"line":223,"column":1}},"69":{"start":{"line":213,"column":4},"end":{"line":213,"column":68}},"70":{"start":{"line":216,"column":20},"end":{"line":220,"column":5}},"71":{"start":{"line":222,"column":4},"end":{"line":222,"column":53}},"72":{"start":{"line":229,"column":25},"end":{"line":238,"column":1}},"73":{"start":{"line":230,"column":4},"end":{"line":237,"column":5}},"74":{"start":{"line":231,"column":8},"end":{"line":231,"column":35}},"75":{"start":{"line":232,"column":8},"end":{"line":232,"column":59}},"76":{"start":{"line":233,"column":8},"end":{"line":233,"column":20}},"77":{"start":{"line":235,"column":8},"end":{"line":235,"column":75}},"78":{"start":{"line":236,"column":8},"end":{"line":236,"column":21}},"79":{"start":{"line":240,"column":0},"end":{"line":247,"column":2}}},"fnMap":{"0":{"name":"(anonymous_0)","decl":{"start":{"line":28,"column":24},"end":{"line":28,"column":25}},"loc":{"start":{"line":28,"column":53},"end":{"line":45,"column":1}},"line":28},"1":{"name":"(anonymous_1)","decl":{"start":{"line":53,"column":27},"end":{"line":53,"column":28}},"loc":{"start":{"line":53,"column":59},"end":{"line":141,"column":1}},"line":53},"2":{"name":"(anonymous_2)","decl":{"start":{"line":102,"column":42},"end":{"line":102,"column":43}},"loc":{"start":{"line":102,"column":53},"end":{"line":102,"column":84}},"line":102},"3":{"name":"(anonymous_3)","decl":{"start":{"line":123,"column":34},"end":{"line":123,"column":35}},"loc":{"start":{"line":123,"column":45},"end":{"line":123,"column":76}},"line":123},"4":{"name":"(anonymous_4)","decl":{"start":{"line":151,"column":18},"end":{"line":151,"column":19}},"loc":{"start":{"line":151,"column":83},"end":{"line":187,"column":1}},"line":151},"5":{"name":"(anonymous_5)","decl":{"start":{"line":194,"column":31},"end":{"line":194,"column":32}},"loc":{"start":{"line":194,"column":49},"end":{"line":205,"column":1}},"line":194},"6":{"name":"(anonymous_6)","decl":{"start":{"line":212,"column":32},"end":{"line":212,"column":33}},"loc":{"start":{"line":212,"column":50},"end":{"line":223,"column":1}},"line":212},"7":{"name":"(anonymous_7)","decl":{"start":{"line":229,"column":25},"end":{"line":229,"column":26}},"loc":{"start":{"line":229,"column":37},"end":{"line":238,"column":1}},"line":229}},"branchMap":{"0":{"loc":{"start":{"line":53,"column":42},"end":{"line":53,"column":54}},"type":"default-arg","locations":[{"start":{"line":53,"column":52},"end":{"line":53,"column":54}}],"line":53},"1":{"loc":{"start":{"line":55,"column":8},"end":{"line":55,"column":21}},"type":"default-arg","locations":[{"start":{"line":55,"column":20},"end":{"line":55,"column":21}}],"line":55},"2":{"loc":{"start":{"line":56,"column":8},"end":{"line":56,"column":25}},"type":"default-arg","locations":[{"start":{"line":56,"column":21},"end":{"line":56,"column":25}}],"line":56},"3":{"loc":{"start":{"line":57,"column":8},"end":{"line":57,"column":24}},"type":"default-arg","locations":[{"start":{"line":57,"column":21},"end":{"line":57,"column":24}}],"line":57},"4":{"loc":{"start":{"line":84,"column":20},"end":{"line":98,"column":21}},"type":"if","locations":[{"start":{"line":84,"column":20},"end":{"line":98,"column":21}},{"start":{"line":91,"column":27},"end":{"line":98,"column":21}}],"line":84},"5":{"loc":{"start":{"line":101,"column":20},"end":{"line":103,"column":21}},"type":"if","locations":[{"start":{"line":101,"column":20},"end":{"line":103,"column":21}},{"start":{},"end":{}}],"line":101},"6":{"loc":{"start":{"line":121,"column":12},"end":{"line":124,"column":13}},"type":"if","locations":[{"start":{"line":121,"column":12},"end":{"line":124,"column":13}},{"start":{},"end":{}}],"line":121},"7":{"loc":{"start":{"line":121,"column":16},"end":{"line":121,"column":63}},"type":"binary-expr","locations":[{"start":{"line":121,"column":16},"end":{"line":121,"column":45}},{"start":{"line":121,"column":49},"end":{"line":121,"column":63}}],"line":121},"8":{"loc":{"start":{"line":151,"column":37},"end":{"line":151,"column":51}},"type":"default-arg","locations":[{"start":{"line":151,"column":47},"end":{"line":151,"column":51}}],"line":151},"9":{"loc":{"start":{"line":151,"column":53},"end":{"line":151,"column":64}},"type":"default-arg","locations":[{"start":{"line":151,"column":60},"end":{"line":151,"column":64}}],"line":151},"10":{"loc":{"start":{"line":151,"column":66},"end":{"line":151,"column":78}},"type":"default-arg","locations":[{"start":{"line":151,"column":76},"end":{"line":151,"column":78}}],"line":151},"11":{"loc":{"start":{"line":154,"column":8},"end":{"line":164,"column":9}},"type":"if","locations":[{"start":{"line":154,"column":8},"end":{"line":164,"column":9}},{"start":{},"end":{}}],"line":154},"12":{"loc":{"start":{"line":167,"column":8},"end":{"line":175,"column":9}},"type":"if","locations":[{"start":{"line":167,"column":8},"end":{"line":175,"column":9}},{"start":{},"end":{}}],"line":167}},"s":{"0":1,"1":1,"2":1,"3":1,"4":7,"5":7,"6":7,"7":5,"8":5,"9":2,"10":2,"11":1,"12":0,"13":0,"14":0,"15":0,"16":0,"17":0,"18":0,"19":0,"20":0,"21":0,"22":0,"23":0,"24":0,"25":0,"26":0,"27":0,"28":0,"29":0,"30":0,"31":0,"32":0,"33":0,"34":0,"35":0,"36":0,"37":0,"38":0,"39":0,"40":0,"41":0,"42":0,"43":0,"44":0,"45":0,"46":0,"47":0,"48":0,"49":0,"50":0,"51":1,"52":7,"53":7,"54":7,"55":7,"56":7,"57":0,"58":0,"59":0,"60":0,"61":0,"62":0,"63":0,"64":1,"65":0,"66":0,"67":0,"68":1,"69":0,"70":0,"71":0,"72":1,"73":0,"74":0,"75":0,"76":0,"77":0,"78":0,"79":1},"f":{"0":7,"1":0,"2":0,"3":0,"4":7,"5":0,"6":0,"7":0},"b":{"0":[0],"1":[0],"2":[0],"3":[0],"4":[0,0],"5":[0,0],"6":[0,0],"7":[0,0],"8":[0],"9":[0],"10":[7],"11":[7,0],"12":[0,0]},"_coverageSchema":"1a1c01bbd47fc00a2c39e90264f33305004495a9","hash":"ee4e9825ff963d4546832e4edb9fbfec2ee0f8a1"}
}
