TN:
SF:src/config/index.js
FNF:0
FNH:0
DA:1,1
DA:3,1
LF:2
LH:2
BRF:0
BRH:0
end_of_record
TN:
SF:src/models/User.js
FN:6,(anonymous_0)
FN:46,(anonymous_1)
FNF:2
FNH:0
FNDA:0,(anonymous_0)
FNDA:0,(anonymous_1)
DA:1,1
DA:3,1
DA:7,0
DA:47,0
DA:66,1
LF:5
LH:3
BRDA:7,0,0,0
BRDA:7,0,1,0
BRDA:47,1,0,0
BRDA:47,1,1,0
BRF:4
BRH:0
end_of_record
TN:
SF:src/services/authService.js
FN:4,(anonymous_0)
FN:35,(anonymous_1)
FN:49,(anonymous_2)
FN:71,(anonymous_3)
FN:86,(anonymous_4)
FN:102,(anonymous_5)
FN:119,(anonymous_6)
FNF:7
FNH:3
FNDA:3,(anonymous_0)
FNDA:4,(anonymous_1)
FNDA:0,(anonymous_2)
FNDA:4,(anonymous_3)
FNDA:0,(anonymous_4)
FNDA:0,(anonymous_5)
FNDA:0,(anonymous_6)
DA:1,1
DA:2,1
DA:4,1
DA:5,3
DA:7,3
DA:22,2
DA:23,2
DA:24,2
DA:25,2
DA:26,2
DA:28,2
DA:30,1
DA:31,1
DA:35,1
DA:36,4
DA:37,4
DA:38,2
DA:39,1
DA:41,1
DA:43,3
DA:44,3
DA:49,1
DA:50,0
DA:51,0
DA:54,0
DA:55,0
DA:57,0
DA:60,0
DA:61,0
DA:62,0
DA:64,0
DA:66,0
DA:67,0
DA:71,1
DA:72,4
DA:74,4
DA:75,2
DA:76,1
DA:78,1
DA:80,3
DA:81,3
DA:86,1
DA:87,0
DA:88,0
DA:94,0
DA:96,0
DA:97,0
DA:102,1
DA:103,0
DA:104,0
DA:113,0
DA:119,1
DA:120,0
DA:121,0
DA:125,0
DA:126,0
DA:129,0
DA:140,0
DA:141,0
DA:145,1
LF:60
LH:34
BRDA:38,0,0,1
BRDA:38,0,1,1
BRDA:49,1,0,0
BRDA:54,2,0,0
BRDA:54,2,1,0
BRDA:61,3,0,0
BRDA:61,3,1,0
BRDA:75,4,0,1
BRDA:75,4,1,1
BRDA:125,5,0,0
BRDA:125,5,1,0
BRF:11
BRH:4
end_of_record
TN:
SF:src/services/emailService.js
FN:28,(anonymous_0)
FN:53,(anonymous_1)
FN:102,(anonymous_2)
FN:123,(anonymous_3)
FN:151,(anonymous_4)
FN:194,(anonymous_5)
FN:212,(anonymous_6)
FN:229,(anonymous_7)
FNF:8
FNH:2
FNDA:7,(anonymous_0)
FNDA:0,(anonymous_1)
FNDA:0,(anonymous_2)
FNDA:0,(anonymous_3)
FNDA:7,(anonymous_4)
FNDA:0,(anonymous_5)
FNDA:0,(anonymous_6)
FNDA:0,(anonymous_7)
DA:1,1
DA:2,1
DA:9,1
DA:28,1
DA:29,7
DA:30,7
DA:37,7
DA:38,5
DA:39,5
DA:42,2
DA:43,2
DA:53,1
DA:58,0
DA:60,0
DA:68,0
DA:70,0
DA:72,0
DA:73,0
DA:74,0
DA:75,0
DA:77,0
DA:80,0
DA:81,0
DA:82,0
DA:84,0
DA:85,0
DA:86,0
DA:92,0
DA:93,0
DA:101,0
DA:102,0
DA:106,0
DA:107,0
DA:112,0
DA:117,0
DA:118,0
DA:121,0
DA:122,0
DA:123,0
DA:127,0
DA:128,0
DA:130,0
DA:131,0
DA:133,0
DA:136,0
DA:137,0
DA:138,0
DA:139,0
DA:151,1
DA:152,7
DA:154,7
DA:155,7
DA:156,7
DA:158,7
DA:167,0
DA:168,0
DA:169,0
DA:171,0
DA:177,0
DA:180,0
DA:181,0
DA:194,1
DA:195,0
DA:198,0
DA:204,0
DA:212,1
DA:213,0
DA:216,0
DA:222,0
DA:229,1
DA:230,0
DA:231,0
DA:232,0
DA:233,0
DA:235,0
DA:236,0
DA:240,1
LF:77
LH:22
BRDA:53,0,0,0
BRDA:55,1,0,0
BRDA:56,2,0,0
BRDA:57,3,0,0
BRDA:84,4,0,0
BRDA:84,4,1,0
BRDA:101,5,0,0
BRDA:101,5,1,0
BRDA:121,6,0,0
BRDA:121,6,1,0
BRDA:121,7,0,0
BRDA:121,7,1,0
BRDA:151,8,0,0
BRDA:151,9,0,0
BRDA:151,10,0,7
BRDA:154,11,0,7
BRDA:154,11,1,0
BRDA:167,12,0,0
BRDA:167,12,1,0
BRF:19
BRH:2
end_of_record
